
Reading ./best3/n3 ...

grid 0 0 0
total vertical capacity 0
total horizontal capacity 0
num net 0
the total net number is 0

num of Adjust is 0
# valid nets: 0
# segments: 0
maxDeg:     0

Done getting input
MD: 0, AD: -nan, #nets: 0, #routed nets: 0
TC is 0

Reading Lookup Table ...

Done reading table

WIRELEN : 0, WIRELEN1 : 0
NumSeg  : 0
NumShift: 0
totalnon 0
Max 0.000000, Min 10000000.000000
cnt1 0, cnt2 0, cnt3 0
first L
WIRELEN : 0, WIRELEN1 : 0
NumSeg  : 0
NumShift: 0
totalnon 0
Max 0.000000, Min 10000000.000000
cnt1 0, cnt2 0, cnt3 0
total hCap    : 0
total vCap    : 0
total Usage   : 0
Max H Overflow: 0
Max V Overflow: 0
Max Overflow  : 0
Num Overflow e: 0
H   Overflow  : 0
V   Overflow  : 0
Final Overflow: 0

second L
total hCap    : 0
total vCap    : 0
total Usage   : 0
Max H Overflow: 0
Max V Overflow: 0
Max Overflow  : 0
Num Overflow e: 0
H   Overflow  : 0
V   Overflow  : 0
Final Overflow: 0

first Z
total hCap    : 0
total vCap    : 0
total Usage   : 0
Max H Overflow: 0
Max V Overflow: 0
Max Overflow  : 0
Num Overflow e: 0
H   Overflow  : 0
V   Overflow  : 0
Final Overflow: 0

LV routing round 0, enlarge 10 
10 threshold, 10 expand
total Usage   : 0
Max H Overflow: 0
Max V Overflow: 0
Max Overflow  : 0
Num Overflow e: 0
H   Overflow  : 0
V   Overflow  : 0
Final Overflow: 0

LV routing round 1, enlarge 15 
5 threshold, 15 expand
total Usage   : 0
Max H Overflow: 0
Max V Overflow: 0
Max Overflow  : 0
Num Overflow e: 0
H   Overflow  : 0
V   Overflow  : 0
Final Overflow: 0

LV routing round 2, enlarge 20 
1 threshold, 20 expand
total Usage   : 0
Max H Overflow: 0
Max V Overflow: 0
Max Overflow  : 0
Num Overflow e: 0
H   Overflow  : 0
V   Overflow  : 0
Final Overflow: 0

usage checked
maze routing finished
Final 2D results: 
total Usage   : 0
Max H Overflow: 0
Max V Overflow: 0
Max Overflow  : 0
Num Overflow e: 0
H   Overflow  : 0
V   Overflow  : 0
Final Overflow: 0


Layer Assignment Beginsnode processing
layer assignment
layer assignment finished
Post Processing Begins 
Post Processsing finished, starting via filling
via related to pin nodes 0
via related stiner nodes 0
total Usage   : 0
Total Capacity: 0
Max H Overflow: 0
Max V Overflow: 0
Max Overflow  : 0
H   Overflow  : 0
V   Overflow  : 0
Final Overflow: 0

Final routing length : 0
Final number of via  : 0
Final total length 1 : 0
Final total length 3 : 0
